{"C:\\Users\\joaqu\\OneDrive\\Desktop\\CursoDeIA\\imagenes proyecto\\backend_new\\src\\app.js": {"path":"C:\\Users\\joaqu\\OneDrive\\Desktop\\CursoDeIA\\imagenes proyecto\\backend_new\\src\\app.js","statementMap":{"0":{"start":{"line":11,"column":0},"end":{"line":11,"column":16}},"1":{"start":{"line":13,"column":12},"end":{"line":13,"column":21}},"2":{"start":{"line":14,"column":19},"end":{"line":14,"column":49}},"3":{"start":{"line":15,"column":18},"end":{"line":15,"column":42}},"4":{"start":{"line":17,"column":0},"end":{"line":81,"column":2}},"5":{"start":{"line":20,"column":27},"end":{"line":23,"column":24}},"6":{"start":{"line":22,"column":20},"end":{"line":22,"column":28}},"7":{"start":{"line":25,"column":6},"end":{"line":25,"column":41}},"8":{"start":{"line":25,"column":19},"end":{"line":25,"column":41}},"9":{"start":{"line":26,"column":31},"end":{"line":26,"column":56}},"10":{"start":{"line":29,"column":6},"end":{"line":29,"column":60}},"11":{"start":{"line":29,"column":38},"end":{"line":29,"column":60}},"12":{"start":{"line":31,"column":23},"end":{"line":31,"column":25}},"13":{"start":{"line":32,"column":6},"end":{"line":36,"column":7}},"14":{"start":{"line":33,"column":8},"end":{"line":33,"column":52}},"15":{"start":{"line":35,"column":8},"end":{"line":35,"column":24}},"16":{"start":{"line":39,"column":29},"end":{"line":41,"column":49}},"17":{"start":{"line":40,"column":27},"end":{"line":40,"column":64}},"18":{"start":{"line":41,"column":24},"end":{"line":41,"column":48}},"19":{"start":{"line":42,"column":6},"end":{"line":42,"column":75}},"20":{"start":{"line":42,"column":53},"end":{"line":42,"column":75}},"21":{"start":{"line":45,"column":6},"end":{"line":50,"column":7}},"22":{"start":{"line":46,"column":30},"end":{"line":48,"column":51}},"23":{"start":{"line":47,"column":29},"end":{"line":47,"column":90}},"24":{"start":{"line":48,"column":26},"end":{"line":48,"column":50}},"25":{"start":{"line":49,"column":8},"end":{"line":49,"column":70}},"26":{"start":{"line":49,"column":48},"end":{"line":49,"column":70}},"27":{"start":{"line":53,"column":6},"end":{"line":75,"column":7}},"28":{"start":{"line":54,"column":25},"end":{"line":54,"column":50}},"29":{"start":{"line":55,"column":30},"end":{"line":71,"column":10}},"30":{"start":{"line":56,"column":10},"end":{"line":56,"column":49}},"31":{"start":{"line":56,"column":36},"end":{"line":56,"column":49}},"32":{"start":{"line":59,"column":29},"end":{"line":59,"column":34}},"33":{"start":{"line":60,"column":10},"end":{"line":66,"column":11}},"34":{"start":{"line":61,"column":12},"end":{"line":65,"column":13}},"35":{"start":{"line":62,"column":14},"end":{"line":62,"column":56}},"36":{"start":{"line":64,"column":14},"end":{"line":64,"column":27}},"37":{"start":{"line":68,"column":10},"end":{"line":68,"column":59}},"38":{"start":{"line":68,"column":46},"end":{"line":68,"column":59}},"39":{"start":{"line":69,"column":25},"end":{"line":69,"column":46}},"40":{"start":{"line":70,"column":10},"end":{"line":70,"column":39}},"41":{"start":{"line":72,"column":8},"end":{"line":72,"column":49}},"42":{"start":{"line":72,"column":27},"end":{"line":72,"column":49}},"43":{"start":{"line":78,"column":6},"end":{"line":78,"column":29}},"44":{"start":{"line":83,"column":0},"end":{"line":83,"column":24}},"45":{"start":{"line":87,"column":0},"end":{"line":93,"column":2}},"46":{"start":{"line":96,"column":0},"end":{"line":98,"column":3}},"47":{"start":{"line":97,"column":2},"end":{"line":97,"column":37}},"48":{"start":{"line":100,"column":0},"end":{"line":111,"column":3}},"49":{"start":{"line":101,"column":25},"end":{"line":101,"column":58}},"50":{"start":{"line":102,"column":23},"end":{"line":102,"column":58}},"51":{"start":{"line":104,"column":2},"end":{"line":110,"column":3}},"52":{"start":{"line":105,"column":4},"end":{"line":105,"column":33}},"53":{"start":{"line":106,"column":4},"end":{"line":106,"column":57}},"54":{"start":{"line":108,"column":19},"end":{"line":108,"column":71}},"55":{"start":{"line":109,"column":4},"end":{"line":109,"column":85}},"56":{"start":{"line":114,"column":0},"end":{"line":116,"column":3}},"57":{"start":{"line":115,"column":2},"end":{"line":115,"column":24}},"58":{"start":{"line":118,"column":0},"end":{"line":118,"column":36}},"59":{"start":{"line":119,"column":0},"end":{"line":119,"column":33}},"60":{"start":{"line":120,"column":0},"end":{"line":120,"column":29}},"61":{"start":{"line":122,"column":0},"end":{"line":125,"column":3}},"62":{"start":{"line":123,"column":18},"end":{"line":123,"column":73}},"63":{"start":{"line":124,"column":2},"end":{"line":124,"column":43}}},"fnMap":{"0":{"name":"(anonymous_0)","decl":{"start":{"line":19,"column":12},"end":{"line":19,"column":13}},"loc":{"start":{"line":19,"column":28},"end":{"line":79,"column":5}},"line":19},"1":{"name":"(anonymous_1)","decl":{"start":{"line":22,"column":13},"end":{"line":22,"column":14}},"loc":{"start":{"line":22,"column":20},"end":{"line":22,"column":28}},"line":22},"2":{"name":"(anonymous_2)","decl":{"start":{"line":40,"column":16},"end":{"line":40,"column":17}},"loc":{"start":{"line":40,"column":27},"end":{"line":40,"column":64}},"line":40},"3":{"name":"(anonymous_3)","decl":{"start":{"line":41,"column":13},"end":{"line":41,"column":14}},"loc":{"start":{"line":41,"column":24},"end":{"line":41,"column":48}},"line":41},"4":{"name":"(anonymous_4)","decl":{"start":{"line":47,"column":18},"end":{"line":47,"column":19}},"loc":{"start":{"line":47,"column":29},"end":{"line":47,"column":90}},"line":47},"5":{"name":"(anonymous_5)","decl":{"start":{"line":48,"column":15},"end":{"line":48,"column":16}},"loc":{"start":{"line":48,"column":26},"end":{"line":48,"column":50}},"line":48},"6":{"name":"(anonymous_6)","decl":{"start":{"line":55,"column":48},"end":{"line":55,"column":49}},"loc":{"start":{"line":55,"column":59},"end":{"line":71,"column":9}},"line":55},"7":{"name":"(anonymous_7)","decl":{"start":{"line":96,"column":13},"end":{"line":96,"column":14}},"loc":{"start":{"line":96,"column":28},"end":{"line":98,"column":1}},"line":96},"8":{"name":"(anonymous_8)","decl":{"start":{"line":100,"column":19},"end":{"line":100,"column":20}},"loc":{"start":{"line":100,"column":40},"end":{"line":111,"column":1}},"line":100},"9":{"name":"(anonymous_9)","decl":{"start":{"line":114,"column":61},"end":{"line":114,"column":62}},"loc":{"start":{"line":114,"column":76},"end":{"line":116,"column":1}},"line":114},"10":{"name":"(anonymous_10)","decl":{"start":{"line":122,"column":8},"end":{"line":122,"column":9}},"loc":{"start":{"line":122,"column":35},"end":{"line":125,"column":1}},"line":122}},"branchMap":{"0":{"loc":{"start":{"line":20,"column":28},"end":{"line":20,"column":78}},"type":"binary-expr","locations":[{"start":{"line":20,"column":28},"end":{"line":20,"column":51}},{"start":{"line":20,"column":55},"end":{"line":20,"column":78}}],"line":20},"1":{"loc":{"start":{"line":25,"column":6},"end":{"line":25,"column":41}},"type":"if","locations":[{"start":{"line":25,"column":6},"end":{"line":25,"column":41}},{"start":{},"end":{}}],"line":25},"2":{"loc":{"start":{"line":29,"column":6},"end":{"line":29,"column":60}},"type":"if","locations":[{"start":{"line":29,"column":6},"end":{"line":29,"column":60}},{"start":{},"end":{}}],"line":29},"3":{"loc":{"start":{"line":40,"column":27},"end":{"line":40,"column":64}},"type":"binary-expr","locations":[{"start":{"line":40,"column":27},"end":{"line":40,"column":40}},{"start":{"line":40,"column":44},"end":{"line":40,"column":64}}],"line":40},"4":{"loc":{"start":{"line":42,"column":6},"end":{"line":42,"column":75}},"type":"if","locations":[{"start":{"line":42,"column":6},"end":{"line":42,"column":75}},{"start":{},"end":{}}],"line":42},"5":{"loc":{"start":{"line":45,"column":6},"end":{"line":50,"column":7}},"type":"if","locations":[{"start":{"line":45,"column":6},"end":{"line":50,"column":7}},{"start":{},"end":{}}],"line":45},"6":{"loc":{"start":{"line":47,"column":29},"end":{"line":47,"column":90}},"type":"binary-expr","locations":[{"start":{"line":47,"column":29},"end":{"line":47,"column":57}},{"start":{"line":47,"column":61},"end":{"line":47,"column":90}}],"line":47},"7":{"loc":{"start":{"line":49,"column":8},"end":{"line":49,"column":70}},"type":"if","locations":[{"start":{"line":49,"column":8},"end":{"line":49,"column":70}},{"start":{},"end":{}}],"line":49},"8":{"loc":{"start":{"line":56,"column":10},"end":{"line":56,"column":49}},"type":"if","locations":[{"start":{"line":56,"column":10},"end":{"line":56,"column":49}},{"start":{},"end":{}}],"line":56},"9":{"loc":{"start":{"line":60,"column":10},"end":{"line":66,"column":11}},"type":"if","locations":[{"start":{"line":60,"column":10},"end":{"line":66,"column":11}},{"start":{},"end":{}}],"line":60},"10":{"loc":{"start":{"line":60,"column":14},"end":{"line":60,"column":87}},"type":"binary-expr","locations":[{"start":{"line":60,"column":14},"end":{"line":60,"column":48}},{"start":{"line":60,"column":52},"end":{"line":60,"column":87}}],"line":60},"11":{"loc":{"start":{"line":68,"column":10},"end":{"line":68,"column":59}},"type":"if","locations":[{"start":{"line":68,"column":10},"end":{"line":68,"column":59}},{"start":{},"end":{}}],"line":68},"12":{"loc":{"start":{"line":72,"column":8},"end":{"line":72,"column":49}},"type":"if","locations":[{"start":{"line":72,"column":8},"end":{"line":72,"column":49}},{"start":{},"end":{}}],"line":72},"13":{"loc":{"start":{"line":108,"column":19},"end":{"line":108,"column":71}},"type":"cond-expr","locations":[{"start":{"line":108,"column":42},"end":{"line":108,"column":53}},{"start":{"line":108,"column":56},"end":{"line":108,"column":71}}],"line":108},"14":{"loc":{"start":{"line":123,"column":18},"end":{"line":123,"column":73}},"type":"cond-expr","locations":[{"start":{"line":123,"column":41},"end":{"line":123,"column":52}},{"start":{"line":123,"column":55},"end":{"line":123,"column":73}}],"line":123}},"s":{"0":6,"1":6,"2":6,"3":6,"4":6,"5":17,"6":32,"7":17,"8":15,"9":2,"10":2,"11":0,"12":2,"13":2,"14":2,"15":0,"16":2,"17":2,"18":2,"19":2,"20":1,"21":1,"22":1,"23":1,"24":0,"25":1,"26":0,"27":1,"28":1,"29":1,"30":1,"31":1,"32":0,"33":0,"34":0,"35":0,"36":0,"37":0,"38":0,"39":0,"40":0,"41":1,"42":0,"43":1,"44":6,"45":6,"46":6,"47":1,"48":6,"49":4,"50":4,"51":4,"52":4,"53":3,"54":1,"55":1,"56":6,"57":1,"58":6,"59":6,"60":6,"61":6,"62":0,"63":0},"f":{"0":17,"1":32,"2":2,"3":2,"4":1,"5":0,"6":1,"7":1,"8":4,"9":1,"10":0},"b":{"0":[17,0],"1":[15,2],"2":[0,2],"3":[2,2],"4":[1,1],"5":[1,0],"6":[1,1],"7":[0,1],"8":[1,0],"9":[0,0],"10":[0,0],"11":[0,0],"12":[0,1],"13":[1,0],"14":[0,0]},"_coverageSchema":"1a1c01bbd47fc00a2c39e90264f33305004495a9","hash":"45233fb34cf1b62c78e6ad35f6b3535578b0749f"}
,"C:\\Users\\joaqu\\OneDrive\\Desktop\\CursoDeIA\\imagenes proyecto\\backend_new\\src\\routes\\orders.js": {"path":"C:\\Users\\joaqu\\OneDrive\\Desktop\\CursoDeIA\\imagenes proyecto\\backend_new\\src\\routes\\orders.js","statementMap":{"0":{"start":{"line":5,"column":15},"end":{"line":5,"column":31}},"1":{"start":{"line":7,"column":24},"end":{"line":15,"column":2}},"2":{"start":{"line":17,"column":23},"end":{"line":22,"column":2}},"3":{"start":{"line":25,"column":21},"end":{"line":27,"column":3}},"4":{"start":{"line":26,"column":30},"end":{"line":26,"column":42}},"5":{"start":{"line":26,"column":59},"end":{"line":26,"column":81}},"6":{"start":{"line":29,"column":25},"end":{"line":36,"column":3}},"7":{"start":{"line":32,"column":24},"end":{"line":32,"column":56}},"8":{"start":{"line":33,"column":21},"end":{"line":33,"column":28}},"9":{"start":{"line":38,"column":19},"end":{"line":43,"column":8}},"10":{"start":{"line":45,"column":17},"end":{"line":54,"column":8}},"11":{"start":{"line":48,"column":44},"end":{"line":50,"column":11}},"12":{"start":{"line":56,"column":15},"end":{"line":56,"column":54}},"13":{"start":{"line":56,"column":43},"end":{"line":56,"column":52}},"14":{"start":{"line":57,"column":21},"end":{"line":57,"column":64}},"15":{"start":{"line":57,"column":28},"end":{"line":57,"column":64}},"16":{"start":{"line":58,"column":27},"end":{"line":58,"column":78}},"17":{"start":{"line":58,"column":53},"end":{"line":58,"column":76}},"18":{"start":{"line":60,"column":17},"end":{"line":110,"column":4}},"19":{"start":{"line":62,"column":6},"end":{"line":64,"column":51}},"20":{"start":{"line":65,"column":17},"end":{"line":65,"column":78}},"21":{"start":{"line":67,"column":20},"end":{"line":67,"column":60}},"22":{"start":{"line":68,"column":22},"end":{"line":68,"column":43}},"23":{"start":{"line":71,"column":4},"end":{"line":82,"column":5}},"24":{"start":{"line":72,"column":20},"end":{"line":72,"column":63}},"25":{"start":{"line":73,"column":27},"end":{"line":73,"column":56}},"26":{"start":{"line":74,"column":20},"end":{"line":74,"column":40}},"27":{"start":{"line":75,"column":6},"end":{"line":81,"column":8}},"28":{"start":{"line":84,"column":4},"end":{"line":89,"column":5}},"29":{"start":{"line":85,"column":6},"end":{"line":85,"column":52}},"30":{"start":{"line":85,"column":25},"end":{"line":85,"column":52}},"31":{"start":{"line":86,"column":27},"end":{"line":86,"column":56}},"32":{"start":{"line":87,"column":20},"end":{"line":87,"column":43}},"33":{"start":{"line":88,"column":6},"end":{"line":88,"column":49}},"34":{"start":{"line":91,"column":16},"end":{"line":91,"column":78}},"35":{"start":{"line":93,"column":17},"end":{"line":93,"column":53}},"36":{"start":{"line":97,"column":6},"end":{"line":101,"column":13}},"37":{"start":{"line":103,"column":18},"end":{"line":103,"column":33}},"38":{"start":{"line":104,"column":4},"end":{"line":109,"column":6}},"39":{"start":{"line":112,"column":16},"end":{"line":112,"column":76}},"40":{"start":{"line":112,"column":43},"end":{"line":112,"column":72}},"41":{"start":{"line":113,"column":2},"end":{"line":113,"column":53}},"42":{"start":{"line":116,"column":0},"end":{"line":124,"column":3}},"43":{"start":{"line":117,"column":17},"end":{"line":117,"column":74}},"44":{"start":{"line":118,"column":17},"end":{"line":118,"column":43}},"45":{"start":{"line":119,"column":2},"end":{"line":119,"column":107}},"46":{"start":{"line":119,"column":23},"end":{"line":119,"column":107}},"47":{"start":{"line":121,"column":20},"end":{"line":121,"column":31}},"48":{"start":{"line":122,"column":17},"end":{"line":122,"column":45}},"49":{"start":{"line":123,"column":2},"end":{"line":123,"column":19}},"50":{"start":{"line":126,"column":0},"end":{"line":170,"column":3}},"51":{"start":{"line":127,"column":17},"end":{"line":130,"column":4}},"52":{"start":{"line":132,"column":17},"end":{"line":132,"column":43}},"53":{"start":{"line":133,"column":2},"end":{"line":133,"column":107}},"54":{"start":{"line":133,"column":23},"end":{"line":133,"column":107}},"55":{"start":{"line":135,"column":30},"end":{"line":135,"column":41}},"56":{"start":{"line":136,"column":17},"end":{"line":136,"column":45}},"57":{"start":{"line":138,"column":22},"end":{"line":138,"column":51}},"58":{"start":{"line":139,"column":18},"end":{"line":163,"column":4}},"59":{"start":{"line":140,"column":18},"end":{"line":148,"column":6}},"60":{"start":{"line":150,"column":4},"end":{"line":160,"column":7}},"61":{"start":{"line":151,"column":38},"end":{"line":159,"column":7}},"62":{"start":{"line":162,"column":4},"end":{"line":162,"column":17}},"63":{"start":{"line":165,"column":2},"end":{"line":169,"column":5}},"64":{"start":{"line":172,"column":0},"end":{"line":182,"column":3}},"65":{"start":{"line":173,"column":13},"end":{"line":173,"column":34}},"66":{"start":{"line":174,"column":2},"end":{"line":174,"column":82}},"67":{"start":{"line":174,"column":29},"end":{"line":174,"column":82}},"68":{"start":{"line":176,"column":16},"end":{"line":179,"column":4}},"69":{"start":{"line":180,"column":2},"end":{"line":180,"column":66}},"70":{"start":{"line":180,"column":14},"end":{"line":180,"column":66}},"71":{"start":{"line":181,"column":2},"end":{"line":181,"column":18}}},"fnMap":{"0":{"name":"priceOrderItems","decl":{"start":{"line":24,"column":15},"end":{"line":24,"column":30}},"loc":{"start":{"line":24,"column":38},"end":{"line":114,"column":1}},"line":24},"1":{"name":"(anonymous_1)","decl":{"start":{"line":26,"column":22},"end":{"line":26,"column":23}},"loc":{"start":{"line":26,"column":30},"end":{"line":26,"column":42}},"line":26},"2":{"name":"(anonymous_2)","decl":{"start":{"line":26,"column":51},"end":{"line":26,"column":52}},"loc":{"start":{"line":26,"column":59},"end":{"line":26,"column":81}},"line":26},"3":{"name":"(anonymous_3)","decl":{"start":{"line":32,"column":16},"end":{"line":32,"column":17}},"loc":{"start":{"line":32,"column":24},"end":{"line":32,"column":56}},"line":32},"4":{"name":"(anonymous_4)","decl":{"start":{"line":33,"column":13},"end":{"line":33,"column":14}},"loc":{"start":{"line":33,"column":21},"end":{"line":33,"column":28}},"line":33},"5":{"name":"(anonymous_5)","decl":{"start":{"line":48,"column":33},"end":{"line":48,"column":34}},"loc":{"start":{"line":48,"column":44},"end":{"line":50,"column":11}},"line":48},"6":{"name":"(anonymous_6)","decl":{"start":{"line":56,"column":36},"end":{"line":56,"column":37}},"loc":{"start":{"line":56,"column":43},"end":{"line":56,"column":52}},"line":56},"7":{"name":"(anonymous_7)","decl":{"start":{"line":57,"column":21},"end":{"line":57,"column":22}},"loc":{"start":{"line":57,"column":28},"end":{"line":57,"column":64}},"line":57},"8":{"name":"(anonymous_8)","decl":{"start":{"line":58,"column":46},"end":{"line":58,"column":47}},"loc":{"start":{"line":58,"column":53},"end":{"line":58,"column":76}},"line":58},"9":{"name":"(anonymous_9)","decl":{"start":{"line":60,"column":27},"end":{"line":60,"column":28}},"loc":{"start":{"line":60,"column":35},"end":{"line":110,"column":3}},"line":60},"10":{"name":"(anonymous_10)","decl":{"start":{"line":112,"column":30},"end":{"line":112,"column":31}},"loc":{"start":{"line":112,"column":43},"end":{"line":112,"column":72}},"line":112},"11":{"name":"(anonymous_11)","decl":{"start":{"line":116,"column":24},"end":{"line":116,"column":25}},"loc":{"start":{"line":116,"column":44},"end":{"line":124,"column":1}},"line":116},"12":{"name":"(anonymous_12)","decl":{"start":{"line":126,"column":17},"end":{"line":126,"column":18}},"loc":{"start":{"line":126,"column":37},"end":{"line":170,"column":1}},"line":126},"13":{"name":"(anonymous_13)","decl":{"start":{"line":139,"column":44},"end":{"line":139,"column":45}},"loc":{"start":{"line":139,"column":58},"end":{"line":163,"column":3}},"line":139},"14":{"name":"(anonymous_14)","decl":{"start":{"line":151,"column":29},"end":{"line":151,"column":30}},"loc":{"start":{"line":151,"column":38},"end":{"line":159,"column":7}},"line":151},"15":{"name":"(anonymous_15)","decl":{"start":{"line":172,"column":19},"end":{"line":172,"column":20}},"loc":{"start":{"line":172,"column":39},"end":{"line":182,"column":1}},"line":172}},"branchMap":{"0":{"loc":{"start":{"line":38,"column":19},"end":{"line":43,"column":8}},"type":"cond-expr","locations":[{"start":{"line":39,"column":6},"end":{"line":42,"column":8}},{"start":{"line":43,"column":6},"end":{"line":43,"column":8}}],"line":38},"1":{"loc":{"start":{"line":45,"column":17},"end":{"line":54,"column":8}},"type":"cond-expr","locations":[{"start":{"line":46,"column":6},"end":{"line":53,"column":8}},{"start":{"line":54,"column":6},"end":{"line":54,"column":8}}],"line":45},"2":{"loc":{"start":{"line":57,"column":35},"end":{"line":57,"column":42}},"type":"binary-expr","locations":[{"start":{"line":57,"column":35},"end":{"line":57,"column":36}},{"start":{"line":57,"column":40},"end":{"line":57,"column":42}}],"line":57},"3":{"loc":{"start":{"line":62,"column":6},"end":{"line":64,"column":51}},"type":"cond-expr","locations":[{"start":{"line":63,"column":10},"end":{"line":63,"column":32}},{"start":{"line":64,"column":10},"end":{"line":64,"column":51}}],"line":62},"4":{"loc":{"start":{"line":65,"column":17},"end":{"line":65,"column":78}},"type":"binary-expr","locations":[{"start":{"line":65,"column":17},"end":{"line":65,"column":24}},{"start":{"line":65,"column":28},"end":{"line":65,"column":78}}],"line":65},"5":{"loc":{"start":{"line":65,"column":61},"end":{"line":65,"column":76}},"type":"binary-expr","locations":[{"start":{"line":65,"column":61},"end":{"line":65,"column":68}},{"start":{"line":65,"column":72},"end":{"line":65,"column":76}}],"line":65},"6":{"loc":{"start":{"line":67,"column":27},"end":{"line":67,"column":59}},"type":"binary-expr","locations":[{"start":{"line":67,"column":27},"end":{"line":67,"column":34}},{"start":{"line":67,"column":38},"end":{"line":67,"column":47}},{"start":{"line":67,"column":51},"end":{"line":67,"column":59}}],"line":67},"7":{"loc":{"start":{"line":71,"column":4},"end":{"line":82,"column":5}},"type":"if","locations":[{"start":{"line":71,"column":4},"end":{"line":82,"column":5}},{"start":{},"end":{}}],"line":71},"8":{"loc":{"start":{"line":71,"column":8},"end":{"line":71,"column":118}},"type":"binary-expr","locations":[{"start":{"line":71,"column":8},"end":{"line":71,"column":36}},{"start":{"line":71,"column":40},"end":{"line":71,"column":71}},{"start":{"line":71,"column":76},"end":{"line":71,"column":94}},{"start":{"line":71,"column":98},"end":{"line":71,"column":117}}],"line":71},"9":{"loc":{"start":{"line":73,"column":28},"end":{"line":73,"column":48}},"type":"binary-expr","locations":[{"start":{"line":73,"column":28},"end":{"line":73,"column":43}},{"start":{"line":73,"column":47},"end":{"line":73,"column":48}}],"line":73},"10":{"loc":{"start":{"line":84,"column":4},"end":{"line":89,"column":5}},"type":"if","locations":[{"start":{"line":84,"column":4},"end":{"line":89,"column":5}},{"start":{},"end":{}}],"line":84},"11":{"loc":{"start":{"line":85,"column":6},"end":{"line":85,"column":52}},"type":"if","locations":[{"start":{"line":85,"column":6},"end":{"line":85,"column":52}},{"start":{},"end":{}}],"line":85},"12":{"loc":{"start":{"line":86,"column":28},"end":{"line":86,"column":48}},"type":"binary-expr","locations":[{"start":{"line":86,"column":28},"end":{"line":86,"column":43}},{"start":{"line":86,"column":47},"end":{"line":86,"column":48}}],"line":86},"13":{"loc":{"start":{"line":91,"column":16},"end":{"line":91,"column":78}},"type":"cond-expr","locations":[{"start":{"line":91,"column":50},"end":{"line":91,"column":74}},{"start":{"line":91,"column":77},"end":{"line":91,"column":78}}],"line":91},"14":{"loc":{"start":{"line":93,"column":17},"end":{"line":93,"column":53}},"type":"cond-expr","locations":[{"start":{"line":93,"column":39},"end":{"line":93,"column":43}},{"start":{"line":93,"column":46},"end":{"line":93,"column":53}}],"line":93},"15":{"loc":{"start":{"line":97,"column":6},"end":{"line":101,"column":13}},"type":"cond-expr","locations":[{"start":{"line":98,"column":10},"end":{"line":98,"column":25}},{"start":{"line":99,"column":10},"end":{"line":101,"column":13}}],"line":97},"16":{"loc":{"start":{"line":97,"column":7},"end":{"line":97,"column":22}},"type":"binary-expr","locations":[{"start":{"line":97,"column":7},"end":{"line":97,"column":17}},{"start":{"line":97,"column":21},"end":{"line":97,"column":22}}],"line":97},"17":{"loc":{"start":{"line":98,"column":10},"end":{"line":98,"column":25}},"type":"binary-expr","locations":[{"start":{"line":98,"column":10},"end":{"line":98,"column":20}},{"start":{"line":98,"column":24},"end":{"line":98,"column":25}}],"line":98},"18":{"loc":{"start":{"line":99,"column":10},"end":{"line":101,"column":13}},"type":"cond-expr","locations":[{"start":{"line":100,"column":12},"end":{"line":100,"column":32}},{"start":{"line":101,"column":12},"end":{"line":101,"column":13}}],"line":99},"19":{"loc":{"start":{"line":99,"column":10},"end":{"line":99,"column":51}},"type":"binary-expr","locations":[{"start":{"line":99,"column":10},"end":{"line":99,"column":28}},{"start":{"line":99,"column":32},"end":{"line":99,"column":51}}],"line":99},"20":{"loc":{"start":{"line":100,"column":12},"end":{"line":100,"column":32}},"type":"binary-expr","locations":[{"start":{"line":100,"column":12},"end":{"line":100,"column":27}},{"start":{"line":100,"column":31},"end":{"line":100,"column":32}}],"line":100},"21":{"loc":{"start":{"line":106,"column":12},"end":{"line":106,"column":45}},"type":"cond-expr","locations":[{"start":{"line":106,"column":34},"end":{"line":106,"column":38}},{"start":{"line":106,"column":41},"end":{"line":106,"column":45}}],"line":106},"22":{"loc":{"start":{"line":112,"column":50},"end":{"line":112,"column":71}},"type":"binary-expr","locations":[{"start":{"line":112,"column":50},"end":{"line":112,"column":66}},{"start":{"line":112,"column":70},"end":{"line":112,"column":71}}],"line":112},"23":{"loc":{"start":{"line":119,"column":2},"end":{"line":119,"column":107}},"type":"if","locations":[{"start":{"line":119,"column":2},"end":{"line":119,"column":107}},{"start":{},"end":{}}],"line":119},"24":{"loc":{"start":{"line":133,"column":2},"end":{"line":133,"column":107}},"type":"if","locations":[{"start":{"line":133,"column":2},"end":{"line":133,"column":107}},{"start":{},"end":{}}],"line":133},"25":{"loc":{"start":{"line":153,"column":19},"end":{"line":153,"column":39}},"type":"binary-expr","locations":[{"start":{"line":153,"column":19},"end":{"line":153,"column":31}},{"start":{"line":153,"column":35},"end":{"line":153,"column":39}}],"line":153},"26":{"loc":{"start":{"line":155,"column":15},"end":{"line":155,"column":31}},"type":"binary-expr","locations":[{"start":{"line":155,"column":15},"end":{"line":155,"column":23}},{"start":{"line":155,"column":27},"end":{"line":155,"column":31}}],"line":155},"27":{"loc":{"start":{"line":156,"column":14},"end":{"line":156,"column":29}},"type":"binary-expr","locations":[{"start":{"line":156,"column":14},"end":{"line":156,"column":21}},{"start":{"line":156,"column":25},"end":{"line":156,"column":29}}],"line":156},"28":{"loc":{"start":{"line":157,"column":18},"end":{"line":157,"column":37}},"type":"binary-expr","locations":[{"start":{"line":157,"column":18},"end":{"line":157,"column":29}},{"start":{"line":157,"column":33},"end":{"line":157,"column":37}}],"line":157},"29":{"loc":{"start":{"line":158,"column":15},"end":{"line":158,"column":28}},"type":"binary-expr","locations":[{"start":{"line":158,"column":15},"end":{"line":158,"column":23}},{"start":{"line":158,"column":27},"end":{"line":158,"column":28}}],"line":158},"30":{"loc":{"start":{"line":174,"column":2},"end":{"line":174,"column":82}},"type":"if","locations":[{"start":{"line":174,"column":2},"end":{"line":174,"column":82}},{"start":{},"end":{}}],"line":174},"31":{"loc":{"start":{"line":180,"column":2},"end":{"line":180,"column":66}},"type":"if","locations":[{"start":{"line":180,"column":2},"end":{"line":180,"column":66}},{"start":{},"end":{}}],"line":180}},"s":{"0":6,"1":6,"2":6,"3":4,"4":4,"5":4,"6":4,"7":4,"8":0,"9":4,"10":4,"11":0,"12":4,"13":4,"14":4,"15":0,"16":4,"17":0,"18":4,"19":4,"20":4,"21":4,"22":4,"23":4,"24":1,"25":1,"26":1,"27":1,"28":3,"29":2,"30":0,"31":2,"32":2,"33":2,"34":1,"35":1,"36":1,"37":1,"38":1,"39":4,"40":4,"41":4,"42":6,"43":4,"44":4,"45":4,"46":1,"47":3,"48":3,"49":3,"50":6,"51":1,"52":1,"53":1,"54":0,"55":1,"56":1,"57":1,"58":1,"59":1,"60":1,"61":1,"62":1,"63":1,"64":6,"65":2,"66":2,"67":1,"68":1,"69":1,"70":1,"71":0},"f":{"0":4,"1":4,"2":4,"3":4,"4":0,"5":0,"6":4,"7":0,"8":0,"9":4,"10":4,"11":4,"12":1,"13":1,"14":1,"15":2},"b":{"0":[4,0],"1":[0,4],"2":[0,0],"3":[4,0],"4":[4,0],"5":[0,0],"6":[4,2,0],"7":[1,3],"8":[4,2,2,1],"9":[1,0],"10":[2,1],"11":[0,2],"12":[2,0],"13":[1,0],"14":[0,1],"15":[1,0],"16":[1,0],"17":[1,0],"18":[0,0],"19":[0,0],"20":[0,0],"21":[0,1],"22":[4,0],"23":[1,3],"24":[0,1],"25":[1,0],"26":[1,0],"27":[1,1],"28":[1,1],"29":[1,0],"30":[1,1],"31":[1,0]},"_coverageSchema":"1a1c01bbd47fc00a2c39e90264f33305004495a9","hash":"0659fff26510eb4b7ea496a2bee7f1948b4b7882"}
,"C:\\Users\\joaqu\\OneDrive\\Desktop\\CursoDeIA\\imagenes proyecto\\backend_new\\src\\routes\\products.js": {"path":"C:\\Users\\joaqu\\OneDrive\\Desktop\\CursoDeIA\\imagenes proyecto\\backend_new\\src\\routes\\products.js","statementMap":{"0":{"start":{"line":5,"column":15},"end":{"line":5,"column":31}},"1":{"start":{"line":7,"column":28},"end":{"line":13,"column":2}},"2":{"start":{"line":16,"column":0},"end":{"line":27,"column":3}},"3":{"start":{"line":17,"column":2},"end":{"line":26,"column":3}},"4":{"start":{"line":18,"column":21},"end":{"line":21,"column":6}},"5":{"start":{"line":22,"column":4},"end":{"line":22,"column":23}},"6":{"start":{"line":24,"column":4},"end":{"line":24,"column":48}},"7":{"start":{"line":25,"column":4},"end":{"line":25,"column":64}},"8":{"start":{"line":30,"column":0},"end":{"line":47,"column":3}},"9":{"start":{"line":31,"column":17},"end":{"line":31,"column":56}},"10":{"start":{"line":32,"column":2},"end":{"line":34,"column":3}},"11":{"start":{"line":33,"column":4},"end":{"line":33,"column":88}},"12":{"start":{"line":36,"column":2},"end":{"line":46,"column":3}},"13":{"start":{"line":37,"column":60},"end":{"line":37,"column":71}},"14":{"start":{"line":38,"column":20},"end":{"line":40,"column":6}},"15":{"start":{"line":42,"column":4},"end":{"line":42,"column":34}},"16":{"start":{"line":44,"column":4},"end":{"line":44,"column":49}},"17":{"start":{"line":45,"column":4},"end":{"line":45,"column":64}}},"fnMap":{"0":{"name":"(anonymous_0)","decl":{"start":{"line":16,"column":16},"end":{"line":16,"column":17}},"loc":{"start":{"line":16,"column":36},"end":{"line":27,"column":1}},"line":16},"1":{"name":"(anonymous_1)","decl":{"start":{"line":30,"column":17},"end":{"line":30,"column":18}},"loc":{"start":{"line":30,"column":37},"end":{"line":47,"column":1}},"line":30}},"branchMap":{"0":{"loc":{"start":{"line":32,"column":2},"end":{"line":34,"column":3}},"type":"if","locations":[{"start":{"line":32,"column":2},"end":{"line":34,"column":3}},{"start":{},"end":{}}],"line":32}},"s":{"0":6,"1":6,"2":6,"3":2,"4":2,"5":1,"6":1,"7":1,"8":6,"9":2,"10":2,"11":1,"12":1,"13":1,"14":1,"15":1,"16":0,"17":0},"f":{"0":2,"1":2},"b":{"0":[1,1]},"_coverageSchema":"1a1c01bbd47fc00a2c39e90264f33305004495a9","hash":"d28ed2720efb64f317fb0f477afe226754777d24"}
}
