TN:
SF:src\app.js
FN:19,(anonymous_0)
FN:22,(anonymous_1)
FN:40,(anonymous_2)
FN:41,(anonymous_3)
FN:47,(anonymous_4)
FN:48,(anonymous_5)
FN:55,(anonymous_6)
FN:96,(anonymous_7)
FN:100,(anonymous_8)
FN:114,(anonymous_9)
FN:122,(anonymous_10)
FNF:11
FNH:9
FNDA:17,(anonymous_0)
FNDA:32,(anonymous_1)
FNDA:2,(anonymous_2)
FNDA:2,(anonymous_3)
FNDA:1,(anonymous_4)
FNDA:0,(anonymous_5)
FNDA:1,(anonymous_6)
FNDA:1,(anonymous_7)
FNDA:4,(anonymous_8)
FNDA:1,(anonymous_9)
FNDA:0,(anonymous_10)
DA:11,6
DA:13,6
DA:14,6
DA:15,6
DA:17,6
DA:20,17
DA:22,32
DA:25,17
DA:26,2
DA:29,2
DA:31,2
DA:32,2
DA:33,2
DA:35,0
DA:39,2
DA:40,2
DA:41,2
DA:42,2
DA:45,1
DA:46,1
DA:47,1
DA:48,0
DA:49,1
DA:53,1
DA:54,1
DA:55,1
DA:56,1
DA:59,0
DA:60,0
DA:61,0
DA:62,0
DA:64,0
DA:68,0
DA:69,0
DA:70,0
DA:72,1
DA:78,1
DA:83,6
DA:87,6
DA:96,6
DA:97,1
DA:100,6
DA:101,4
DA:102,4
DA:104,4
DA:105,4
DA:106,3
DA:108,1
DA:109,1
DA:114,6
DA:115,1
DA:118,6
DA:119,6
DA:120,6
DA:122,6
DA:123,0
DA:124,0
LF:57
LH:45
BRDA:20,0,0,17
BRDA:20,0,1,0
BRDA:25,1,0,15
BRDA:25,1,1,2
BRDA:29,2,0,0
BRDA:29,2,1,2
BRDA:40,3,0,2
BRDA:40,3,1,2
BRDA:42,4,0,1
BRDA:42,4,1,1
BRDA:45,5,0,1
BRDA:45,5,1,0
BRDA:47,6,0,1
BRDA:47,6,1,1
BRDA:49,7,0,0
BRDA:49,7,1,1
BRDA:56,8,0,1
BRDA:56,8,1,0
BRDA:60,9,0,0
BRDA:60,9,1,0
BRDA:60,10,0,0
BRDA:60,10,1,0
BRDA:68,11,0,0
BRDA:68,11,1,0
BRDA:72,12,0,0
BRDA:72,12,1,1
BRDA:108,13,0,1
BRDA:108,13,1,0
BRDA:123,14,0,0
BRDA:123,14,1,0
BRF:30
BRH:15
end_of_record
TN:
SF:src\routes\orders.js
FN:24,priceOrderItems
FN:26,(anonymous_1)
FN:26,(anonymous_2)
FN:32,(anonymous_3)
FN:33,(anonymous_4)
FN:48,(anonymous_5)
FN:56,(anonymous_6)
FN:57,(anonymous_7)
FN:58,(anonymous_8)
FN:60,(anonymous_9)
FN:112,(anonymous_10)
FN:116,(anonymous_11)
FN:126,(anonymous_12)
FN:139,(anonymous_13)
FN:151,(anonymous_14)
FN:172,(anonymous_15)
FNF:16
FNH:12
FNDA:4,priceOrderItems
FNDA:4,(anonymous_1)
FNDA:4,(anonymous_2)
FNDA:4,(anonymous_3)
FNDA:0,(anonymous_4)
FNDA:0,(anonymous_5)
FNDA:4,(anonymous_6)
FNDA:0,(anonymous_7)
FNDA:0,(anonymous_8)
FNDA:4,(anonymous_9)
FNDA:4,(anonymous_10)
FNDA:4,(anonymous_11)
FNDA:1,(anonymous_12)
FNDA:1,(anonymous_13)
FNDA:1,(anonymous_14)
FNDA:2,(anonymous_15)
DA:5,6
DA:7,6
DA:17,6
DA:25,4
DA:26,4
DA:29,4
DA:32,4
DA:33,0
DA:38,4
DA:45,4
DA:48,0
DA:56,4
DA:57,4
DA:58,4
DA:60,4
DA:62,4
DA:65,4
DA:67,4
DA:68,4
DA:71,4
DA:72,1
DA:73,1
DA:74,1
DA:75,1
DA:84,3
DA:85,2
DA:86,2
DA:87,2
DA:88,2
DA:91,1
DA:93,1
DA:97,1
DA:103,1
DA:104,1
DA:112,4
DA:113,4
DA:116,6
DA:117,4
DA:118,4
DA:119,4
DA:121,3
DA:122,3
DA:123,3
DA:126,6
DA:127,1
DA:132,1
DA:133,1
DA:135,1
DA:136,1
DA:138,1
DA:139,1
DA:140,1
DA:150,1
DA:151,1
DA:162,1
DA:165,1
DA:172,6
DA:173,2
DA:174,2
DA:176,1
DA:180,1
DA:181,0
LF:62
LH:59
BRDA:38,0,0,4
BRDA:38,0,1,0
BRDA:45,1,0,0
BRDA:45,1,1,4
BRDA:57,2,0,0
BRDA:57,2,1,0
BRDA:62,3,0,4
BRDA:62,3,1,0
BRDA:65,4,0,4
BRDA:65,4,1,0
BRDA:65,5,0,0
BRDA:65,5,1,0
BRDA:67,6,0,4
BRDA:67,6,1,2
BRDA:67,6,2,0
BRDA:71,7,0,1
BRDA:71,7,1,3
BRDA:71,8,0,4
BRDA:71,8,1,2
BRDA:71,8,2,2
BRDA:71,8,3,1
BRDA:73,9,0,1
BRDA:73,9,1,0
BRDA:84,10,0,2
BRDA:84,10,1,1
BRDA:85,11,0,0
BRDA:85,11,1,2
BRDA:86,12,0,2
BRDA:86,12,1,0
BRDA:91,13,0,1
BRDA:91,13,1,0
BRDA:93,14,0,0
BRDA:93,14,1,1
BRDA:97,15,0,1
BRDA:97,15,1,0
BRDA:97,16,0,1
BRDA:97,16,1,0
BRDA:98,17,0,1
BRDA:98,17,1,0
BRDA:99,18,0,0
BRDA:99,18,1,0
BRDA:99,19,0,0
BRDA:99,19,1,0
BRDA:100,20,0,0
BRDA:100,20,1,0
BRDA:106,21,0,0
BRDA:106,21,1,1
BRDA:112,22,0,4
BRDA:112,22,1,0
BRDA:119,23,0,1
BRDA:119,23,1,3
BRDA:133,24,0,0
BRDA:133,24,1,1
BRDA:153,25,0,1
BRDA:153,25,1,0
BRDA:155,26,0,1
BRDA:155,26,1,0
BRDA:156,27,0,1
BRDA:156,27,1,1
BRDA:157,28,0,1
BRDA:157,28,1,1
BRDA:158,29,0,1
BRDA:158,29,1,0
BRDA:174,30,0,1
BRDA:174,30,1,1
BRDA:180,31,0,1
BRDA:180,31,1,0
BRF:67
BRH:37
end_of_record
TN:
SF:src\routes\products.js
FN:16,(anonymous_0)
FN:30,(anonymous_1)
FNF:2
FNH:2
FNDA:2,(anonymous_0)
FNDA:2,(anonymous_1)
DA:5,6
DA:7,6
DA:16,6
DA:17,2
DA:18,2
DA:22,1
DA:24,1
DA:25,1
DA:30,6
DA:31,2
DA:32,2
DA:33,1
DA:36,1
DA:37,1
DA:38,1
DA:42,1
DA:44,0
DA:45,0
LF:18
LH:16
BRDA:32,0,0,1
BRDA:32,0,1,1
BRF:2
BRH:2
end_of_record
